
> car@0.1.0 dev
> next dev

▲ Next.js 16.1.6 (Turbopack)
- Local:         http://localhost:3000
- Network:       http://192.168.50.218:3000
- Environments: .env

✓ Starting...
✓ Ready in 1729ms
 GET /growth 200 in 2.2s (compile: 545ms, render: 1625ms)
 GET /valuation 200 in 2.2s (compile: 823ms, render: 1398ms)
 GET /ranking 200 in 2.2s (compile: 669ms, render: 1525ms)
 GET / 200 in 2.3s (compile: 893ms, render: 1376ms)
 GET / 200 in 2.2s (compile: 732ms, render: 1487ms)
 GET / 200 in 382ms (compile: 12ms, render: 370ms)
 GET /api/companies 200 in 526ms (compile: 347ms, render: 179ms)
 GET /api/companies 200 in 25ms (compile: 7ms, render: 18ms)
 GET /api/charts?companyId=cml3gly8300049kmhfl3blmw4&periodType=MONTH&source=GASGOO 200 in 325ms (compile: 262ms, render: 63ms)
 GET /api/sales/ranking?date=202512&type=company&source=GASGOO 200 in 120ms (compile: 104ms, render: 16ms)
 GET /api/companies 200 in 50ms (compile: 3ms, render: 47ms)
Valuation API Error: Error [PrismaClientValidationError]: 
Invalid `__TURBOPACK__imported__module__$5b$project$5d2f$src$2f$lib$2f$prisma$2e$ts__$5b$app$2d$route$5d$__$28$ecmascript$29$__["default"].company.findMany()` invocation in
/Users/zhangpenglin/car/.next/dev/server/chunks/[root-of-the-server]__1c843f46._.js:184:171

  181 ;
  182 async function GET() {
  183     try {
→ 184         const companies = await __TURBOPACK__imported__module__$5b$project$5d2f$src$2f$lib$2f$prisma$2e$ts__$5b$app$2d$route$5d$__$28$ecmascript$29$__["default"].company.findMany({
                where: {
                  stockSymbol: {
              +     not: String
                  }
                }
              })

Argument `not` must not be null.
    at <unknown> (src/app/api/sales/valuation/route.ts:7:57)
    at async GET (src/app/api/sales/valuation/route.ts:7:27)
   5 | export async function GET() {
   6 |     try {
>  7 |         const companies = await (prisma as any).company.findMany({
     |                                                         ^
   8 |             where: {
   9 |                 stockSymbol: { not: null }
  10 |             } {
  clientVersion: '6.2.1'
}
 GET /api/sales/valuation 500 in 773ms (compile: 297ms, render: 476ms)
 GET /api/sales/growth?year=2024&source=GASGOO 200 in 825ms (compile: 114ms, render: 712ms)
 GET /api/companies 200 in 124ms (compile: 16ms, render: 108ms)
 GET /api/charts?companyId=cml3gly8300049kmhfl3blmw4&periodType=MONTH&source=GASGOO 200 in 132ms (compile: 97ms, render: 35ms)
 GET /api/companies 200 in 72ms (compile: 8ms, render: 64ms)
 GET /api/companies 200 in 14ms (compile: 4ms, render: 10ms)
 GET /api/charts?companyId=cml3gly8300049kmhfl3blmw4&periodType=MONTH&source=GASGOO 200 in 24ms (compile: 6ms, render: 19ms)
 GET /api/sales/market 200 in 133ms (compile: 60ms, render: 73ms)
 GET /api/sales/market 200 in 33ms (compile: 4ms, render: 29ms)
 GET /market 200 in 368ms (compile: 113ms, render: 256ms)
 GET /api/sales/market?source=GASGOO 200 in 111ms (compile: 11ms, render: 100ms)
 GET /ranking 200 in 142ms (compile: 10ms, render: 132ms)
 GET /api/sales/ranking?date=202512&type=company&source=GASGOO 200 in 57ms (compile: 17ms, render: 40ms)
 GET /api/sales/ranking?date=202512&type=model&source=GASGOO 200 in 70ms (compile: 10ms, render: 60ms)
 GET /api/sales/ranking?date=202511&type=model&source=GASGOO 200 in 70ms (compile: 14ms, render: 56ms)
 GET / 200 in 207ms (compile: 18ms, render: 189ms)
 GET /api/companies 200 in 41ms (compile: 7ms, render: 34ms)
 GET /api/companies 200 in 28ms (compile: 5ms, render: 23ms)
 GET /api/charts?companyId=cml3gly8300049kmhfl3blmw4&periodType=MONTH&source=GASGOO 200 in 112ms (compile: 40ms, render: 73ms)
 GET /market 200 in 281ms (compile: 29ms, render: 252ms)
 GET /api/sales/market?source=GASGOO 200 in 75ms (compile: 8ms, render: 67ms)
 GET /ranking 200 in 150ms (compile: 22ms, render: 127ms)
 GET /api/sales/ranking?date=202512&type=company&source=GASGOO 200 in 58ms (compile: 16ms, render: 43ms)
 GET /api/sales/ranking?date=202512&type=company&source=CPCA 200 in 62ms (compile: 35ms, render: 26ms)
 GET /api/sales/ranking?date=202512&type=model&source=CPCA 200 in 32ms (compile: 12ms, render: 20ms)
 GET /api/sales/ranking?date=202511&type=model&source=CPCA 200 in 27ms (compile: 14ms, render: 12ms)
 GET /api/sales/ranking?date=202511&type=company&source=CPCA 200 in 43ms (compile: 10ms, render: 34ms)
✓ Compiled in 2.2s
✓ Compiled in 176ms
 GET /ranking 200 in 776ms (compile: 251ms, render: 524ms)
 GET /api/sales/ranking?date=202512&type=company&source=GASGOO 200 in 63ms (compile: 14ms, render: 49ms)
 GET /api/sales/ranking?date=202512&type=company&source=DCD 200 in 36ms (compile: 15ms, render: 21ms)
 GET /api/sales/ranking?date=202512&type=model&source=DCD 200 in 41ms (compile: 17ms, render: 24ms)
 GET /api/sales/ranking?date=202511&type=model&source=DCD 200 in 82ms (compile: 49ms, render: 33ms)
 GET /api/sales/ranking?date=202510&type=model&source=DCD 200 in 60ms (compile: 27ms, render: 32ms)
 GET /api/sales/ranking?date=202509&type=model&source=DCD 200 in 47ms (compile: 20ms, render: 27ms)
 GET /api/sales/ranking?date=202508&type=model&source=DCD 200 in 81ms (compile: 64ms, render: 17ms)
 GET /api/sales/ranking?date=202507&type=model&source=DCD 200 in 30ms (compile: 14ms, render: 17ms)
 GET / 200 in 93ms (compile: 20ms, render: 72ms)
 GET /api/companies 200 in 30ms (compile: 15ms, render: 15ms)
 GET /api/companies 200 in 17ms (compile: 3ms, render: 14ms)
 GET /api/companies 200 in 16ms (compile: 7ms, render: 9ms)
 GET /api/charts?companyId=cml3gly8300049kmhfl3blmw4&periodType=MONTH&source=GASGOO 200 in 27ms (compile: 4ms, render: 23ms)
 GET /api/charts?companyId=cml3gly8300049kmhfl3blmw4&periodType=MONTH&source=GASGOO 200 in 32ms (compile: 8ms, render: 24ms)
 GET /comparison 200 in 321ms (compile: 205ms, render: 116ms)
 GET /api/companies 200 in 34ms (compile: 16ms, render: 18ms)
 GET /api/companies 200 in 15ms (compile: 3ms, render: 12ms)
 GET /api/companies 200 in 11ms (compile: 4ms, render: 7ms)
 GET /api/companies 200 in 20ms (compile: 3ms, render: 17ms)
 GET /api/sales/comparison?ids=cml3gugvt000a9kwfeqx8mi0t,cml3gly8500059kmhmvp4zep2,cml3gly8300049kmhfl3blmw4&year=2025&source=GASGOO 200 in 193ms (compile: 135ms, render: 58ms)
 GET /api/sales/comparison?ids=cml3gugvt000a9kwfeqx8mi0t,cml3gly8500059kmhmvp4zep2,cml3gly8300049kmhfl3blmw4&year=2025&source=GASGOO 200 in 48ms (compile: 3ms, render: 45ms)
 GET /models 200 in 228ms (compile: 107ms, render: 121ms)
 GET /api/companies 200 in 28ms (compile: 16ms, render: 12ms)
 GET /api/companies 200 in 13ms (compile: 6ms, render: 8ms)
 GET /api/sales/models?companyId=cml3gugvt000a9kwfeqx8mi0t&date=202512&source=GASGOO 200 in 98ms (compile: 74ms, render: 24ms)
 GET /api/sales/models?companyId=cml3a6vt000049k5v88283jzi&date=202512&source=GASGOO 200 in 29ms (compile: 16ms, render: 13ms)
 GET /valuation 200 in 89ms (compile: 17ms, render: 72ms)
Valuation API Error: Error [PrismaClientValidationError]: 
Invalid `__TURBOPACK__imported__module__$5b$project$5d2f$src$2f$lib$2f$prisma$2e$ts__$5b$app$2d$route$5d$__$28$ecmascript$29$__["default"].company.findMany()` invocation in
/Users/zhangpenglin/car/.next/dev/server/chunks/[root-of-the-server]__1c843f46._.js:184:171

  181 ;
  182 async function GET() {
  183     try {
→ 184         const companies = await __TURBOPACK__imported__module__$5b$project$5d2f$src$2f$lib$2f$prisma$2e$ts__$5b$app$2d$route$5d$__$28$ecmascript$29$__["default"].company.findMany({
                where: {
                  stockSymbol: {
              +     not: String
                  }
                }
              })

Argument `not` must not be null.
    at <unknown> (src/app/api/sales/valuation/route.ts:7:57)
    at async GET (src/app/api/sales/valuation/route.ts:7:27)
   5 | export async function GET() {
   6 |     try {
>  7 |         const companies = await (prisma as any).company.findMany({
     |                                                         ^
   8 |             where: {
   9 |                 stockSymbol: { not: null }
  10 |             } {
  clientVersion: '6.2.1'
}
 GET /api/sales/valuation 500 in 298ms (compile: 4ms, render: 294ms)
Valuation API Error: Error [PrismaClientValidationError]: 
Invalid `__TURBOPACK__imported__module__$5b$project$5d2f$src$2f$lib$2f$prisma$2e$ts__$5b$app$2d$route$5d$__$28$ecmascript$29$__["default"].company.findMany()` invocation in
/Users/zhangpenglin/car/.next/dev/server/chunks/[root-of-the-server]__1c843f46._.js:184:171

  181 ;
  182 async function GET() {
  183     try {
→ 184         const companies = await __TURBOPACK__imported__module__$5b$project$5d2f$src$2f$lib$2f$prisma$2e$ts__$5b$app$2d$route$5d$__$28$ecmascript$29$__["default"].company.findMany({
                where: {
                  stockSymbol: {
              +     not: String
                  }
                }
              })

Argument `not` must not be null.
    at <unknown> (src/app/api/sales/valuation/route.ts:7:57)
    at async GET (src/app/api/sales/valuation/route.ts:7:27)
   5 | export async function GET() {
   6 |     try {
>  7 |         const companies = await (prisma as any).company.findMany({
     |                                                         ^
   8 |             where: {
   9 |                 stockSymbol: { not: null }
  10 |             } {
  clientVersion: '6.2.1'
}
 GET /api/sales/valuation 500 in 190ms (compile: 4ms, render: 186ms)
 GET /growth 200 in 138ms (compile: 34ms, render: 104ms)
 GET /api/sales/growth?year=2024&source=GASGOO 200 in 68ms (compile: 17ms, render: 50ms)
 GET /api/sales/growth?year=2024&source=GASGOO 200 in 79ms (compile: 21ms, render: 58ms)
 GET /api/sales/growth?year=2025&source=GASGOO 200 in 63ms (compile: 21ms, render: 42ms)
 GET /market 200 in 121ms (compile: 35ms, render: 85ms)
 GET /api/sales/market?source=GASGOO 200 in 64ms (compile: 14ms, render: 50ms)
 GET /api/sales/market?source=GASGOO 200 in 30ms (compile: 5ms, render: 25ms)
[?25h
